
ASEM-51 V1.3                                         Copyright (c) 2002 by W.W. Heinz                                         PAGE 1





       MCS-51 Family Macro Assembler   A S E M - 5 1   V 1.3
       =====================================================



	Source File:	..\..\test\nested_ISR.ASM
	Object File:	Debug.HEX
	List File:	Debug.lst



 Line  I  Addr  Code            Source

    1:		N      0000	ORG	0000H
    2:
    3:	  0000	10		        DB	00010000B ;JMP 13H
    4:	  0001	13			DB	00010011B ;
    5:	  0002	04			DB	00000100B ;vector0 [02H]=04H
    6:	  0003	0C			DB	00001100B ;vector1 [03H]=0CH
    7:
    8:	  0004	54			DB	01010100B ;OUT R1,PORT0   ;vector0 [04H]
    9:	  0005	34		 	DB	00110100B ;SET R1,80H
   10:	  0006	80			DB	10000000B ;
   11:	  0007	01			DB	00000001B ;HLT
   12:
   13:	  0008	50			DB	01010000B ;OUT R0,PORT0
   14:	  0009	30		 	DB	00110000B ;SET R0,80H
   15:	  000A	80			DB	10000000B ;
   16:	  000B	70			DB	01110000B ;IRET
   17:
   18:	  000C	34		       	DB	00110100B ;SET R1,90H   ;vector1 [0CH]
   19:	  000D	90			DB	10010000B ;
   20:	  000E	C4			DB	11000100B ;SUBI R1,01H
   21:	  000F	01			DB	00000001B
   22:
   23:	  0010	1C			DB	00011100B ;JS 0EH         ;[10H]
   24:	  0011	0E			DB	00001110B ;
   25:	  0012	70			DB	01110000B ;IRET
   26:	  0013	30			DB	00110000B ;SET R0,90H    ;main [13H]
   27:
   28:	  0014	90			DB	10010000B ;
   29:	  0015	C0			DB	11000000B ;SUBI R0,01H
   30:	  0016	01			DB	00000001B ;
   31:	  0017	1C			DB	00011100B ;JS 15H
   32:
   33:	  0018	15			DB	00010101B ;
   34:	  0019	01			DB	00000001B ;HLT
   35:
   36:				END





                     register banks used:  ---


ASEM-51 V1.3                                         Copyright (c) 2002 by W.W. Heinz                                         PAGE 2



                     no errors




ASEM-51 V1.3                                         Copyright (c) 2002 by W.W. Heinz                                         PAGE 3





	       L I S T   O F   S Y M B O L S
	       =============================


SYMBOL				  TYPE     VALUE	LINE
------------------------------------------------------------
??ASEM_51			  NUMBER    8051
??VERSION			  NUMBER    0130
AC				  BIT	      D6
ACC				  DATA	      E0
B				  DATA	      F0
CY				  BIT	      D7
DPH				  DATA	      83
DPL				  DATA	      82
EA				  BIT	      AF
ES				  BIT	      AC
ET0				  BIT	      A9
ET1				  BIT	      AB
EX0				  BIT	      A8
EX1				  BIT	      AA
EXTI0				  CODE	    0003
EXTI1				  CODE	    0013
F0				  BIT	      D5
IE				  DATA	      A8
IE0				  BIT	      89
IE1				  BIT	      8B
INT0				  BIT	      B2
INT1				  BIT	      B3
IP				  DATA	      B8
IT0				  BIT	      88
IT1				  BIT	      8A
OV				  BIT	      D2
P				  BIT	      D0
P0				  DATA	      80
P1				  DATA	      90
P2				  DATA	      A0
P3				  DATA	      B0
PCON				  DATA	      87
PS				  BIT	      BC
PSW				  DATA	      D0
PT0				  BIT	      B9
PT1				  BIT	      BB
PX0				  BIT	      B8
PX1				  BIT	      BA
RB8				  BIT	      9A
RD				  BIT	      B7
REN				  BIT	      9C
RESET				  CODE	    0000
RI				  BIT	      98
RS0				  BIT	      D3
RS1				  BIT	      D4
RXD				  BIT	      B0
SBUF				  DATA	      99
SCON				  DATA	      98
SINT				  CODE	    0023
SM0				  BIT	      9F

ASEM-51 V1.3                                         Copyright (c) 2002 by W.W. Heinz                                         PAGE 4



SYMBOL				  TYPE     VALUE	LINE
------------------------------------------------------------
SM1				  BIT	      9E
SM2				  BIT	      9D
SP				  DATA	      81
T0				  BIT	      B4
T1				  BIT	      B5
TB8				  BIT	      9B
TCON				  DATA	      88
TF0				  BIT	      8D
TF1				  BIT	      8F
TH0				  DATA	      8C
TH1				  DATA	      8D
TI				  BIT	      99
TIMER0				  CODE	    000B
TIMER1				  CODE	    001B
TL0				  DATA	      8A
TL1				  DATA	      8B
TMOD				  DATA	      89
TR0				  BIT	      8C
TR1				  BIT	      8E
TXD				  BIT	      B1
WR				  BIT	      B6
